<?xml version="1.0" encoding="UTF-8"?>
<testng-results skipped="0" failed="0" total="1" passed="1">
  <reporter-output>
  </reporter-output>
  <suite name="Suite" duration-ms="30125" started-at="2015-03-10T09:08:14Z" finished-at="2015-03-10T09:08:44Z">
    <groups>
      <group name="smoke">
        <method signature="Search.testSearch(java.lang.String)[pri:0, instance:testCases.Search@2a18f23c]" name="testSearch" class="testCases.Search"/>
      </group> <!-- smoke -->
    </groups>
    <test name="Test" duration-ms="30125" started-at="2015-03-10T09:08:14Z" finished-at="2015-03-10T09:08:44Z">
      <class name="testCases.Search">
        <test-method status="PASS" signature="aaaSetUp()[pri:0, instance:testCases.Search@2a18f23c]" name="aaaSetUp" is-config="true" duration-ms="23299" started-at="2015-03-10T20:08:14Z" finished-at="2015-03-10T20:08:37Z">
          <reporter-output>
          </reporter-output>
        </test-method> <!-- aaaSetUp -->
        <test-method status="PASS" signature="testSearch(java.lang.String)[pri:0, instance:testCases.Search@2a18f23c]" name="testSearch" duration-ms="6499" started-at="2015-03-10T20:08:37Z" data-provider="TestData" finished-at="2015-03-10T20:08:43Z">
          <params>
            <param index="0">
              <value>
                <![CDATA[Test Automation]]>
              </value>
            </param>
          </params>
          <reporter-output>
          </reporter-output>
        </test-method> <!-- testSearch -->
        <test-method status="PASS" signature="zzzTearDown()[pri:0, instance:testCases.Search@2a18f23c]" name="zzzTearDown" is-config="true" duration-ms="45" started-at="2015-03-10T20:08:43Z" finished-at="2015-03-10T20:08:43Z">
          <reporter-output>
          </reporter-output>
        </test-method> <!-- zzzTearDown -->
        <test-method status="PASS" signature="zzzzCloseAllOpenBrowsers()[pri:0, instance:testCases.Search@2a18f23c]" name="zzzzCloseAllOpenBrowsers" is-config="true" duration-ms="268" started-at="2015-03-10T20:08:43Z" finished-at="2015-03-10T20:08:44Z">
          <reporter-output>
          </reporter-output>
        </test-method> <!-- zzzzCloseAllOpenBrowsers -->
      </class> <!-- testCases.Search -->
    </test> <!-- Test -->
  </suite> <!-- Suite -->
</testng-results>
